2024-11-26 00:14:23.430 [HikariPool-1 housekeeper] WARN  com.zaxxer.hikari.pool.HikariPool - HikariPool-1 - Thread starvation or clock leap detected (housekeeper delta=13m32s695ms768µs).
2024-11-26 09:25:55.659 [HikariPool-1 housekeeper] WARN  com.zaxxer.hikari.pool.HikariPool - HikariPool-1 - Thread starvation or clock leap detected (housekeeper delta=9h11m40s658ms363µs800ns).
2024-11-26 13:31:08.533 [HikariPool-1 housekeeper] WARN  com.zaxxer.hikari.pool.HikariPool - HikariPool-1 - Thread starvation or clock leap detected (housekeeper delta=54m10s197ms876µs500ns).
2024-11-26 13:48:07.488 [HikariPool-1 housekeeper] WARN  com.zaxxer.hikari.pool.HikariPool - HikariPool-1 - Thread starvation or clock leap detected (housekeeper delta=56s696ms30µs500ns).
2024-11-26 14:02:34.387 [HikariPool-1 housekeeper] WARN  com.zaxxer.hikari.pool.HikariPool - HikariPool-1 - Thread starvation or clock leap detected (housekeeper delta=56s682ms675µs200ns).
2024-11-26 14:17:03.146 [HikariPool-1 housekeeper] WARN  com.zaxxer.hikari.pool.HikariPool - HikariPool-1 - Thread starvation or clock leap detected (housekeeper delta=3m58s545ms498µs900ns).
2024-11-26 15:29:19.507 [SpringApplicationShutdownHook] INFO  o.s.o.j.LocalContainerEntityManagerFactoryBean - Closing JPA EntityManagerFactory for persistence unit 'default'
2024-11-26 15:29:19.525 [SpringApplicationShutdownHook] INFO  com.zaxxer.hikari.HikariDataSource - HikariPool-1 - Shutdown initiated...
2024-11-26 15:29:19.550 [SpringApplicationShutdownHook] INFO  com.zaxxer.hikari.HikariDataSource - HikariPool-1 - Shutdown completed.
2024-11-26 15:29:38.342 [background-preinit] INFO  o.h.validator.internal.util.Version - HV000001: Hibernate Validator 8.0.1.Final
2024-11-26 15:29:38.401 [main] INFO  c.e.e.EmployeeManagementApplication - Starting EmployeeManagementApplication using Java 17.0.13 with PID 24180 (D:\java-spingboot-projects\employee-management\employee-management\build\classes\java\main started by P1357905 in D:\java-spingboot-projects\employee-management\employee-management)
2024-11-26 15:29:38.401 [main] DEBUG c.e.e.EmployeeManagementApplication - Running with Spring Boot v3.1.5, Spring v6.0.13
2024-11-26 15:29:38.401 [main] INFO  c.e.e.EmployeeManagementApplication - No active profile set, falling back to 1 default profile: "default"
2024-11-26 15:29:39.367 [main] INFO  o.s.d.r.c.RepositoryConfigurationDelegate - Bootstrapping Spring Data JPA repositories in DEFAULT mode.
2024-11-26 15:29:39.437 [main] INFO  o.s.d.r.c.RepositoryConfigurationDelegate - Finished Spring Data repository scanning in 52 ms. Found 1 JPA repository interfaces.
2024-11-26 15:29:40.019 [main] INFO  o.s.b.w.e.tomcat.TomcatWebServer - Tomcat initialized with port(s): 8080 (http)
2024-11-26 15:29:40.019 [main] INFO  o.a.coyote.http11.Http11NioProtocol - Initializing ProtocolHandler ["http-nio-8080"]
2024-11-26 15:29:40.019 [main] INFO  o.a.catalina.core.StandardService - Starting service [Tomcat]
2024-11-26 15:29:40.035 [main] INFO  o.a.catalina.core.StandardEngine - Starting Servlet engine: [Apache Tomcat/10.1.15]
2024-11-26 15:29:40.127 [main] INFO  o.a.c.c.C.[Tomcat].[localhost].[/] - Initializing Spring embedded WebApplicationContext
2024-11-26 15:29:40.127 [main] INFO  o.s.b.w.s.c.ServletWebServerApplicationContext - Root WebApplicationContext: initialization completed in 1671 ms
2024-11-26 15:29:40.187 [main] DEBUG c.e.e.security.JwtAuthFilter - Filter 'jwtAuthFilter' configured for use
2024-11-26 15:29:40.291 [main] INFO  o.h.jpa.internal.util.LogHelper - HHH000204: Processing PersistenceUnitInfo [name: default]
2024-11-26 15:29:40.380 [main] INFO  org.hibernate.Version - HHH000412: Hibernate ORM core version 6.2.13.Final
2024-11-26 15:29:40.380 [main] INFO  org.hibernate.cfg.Environment - HHH000406: Using bytecode reflection optimizer
2024-11-26 15:29:40.736 [main] INFO  o.s.o.j.p.SpringPersistenceUnitInfo - No LoadTimeWeaver setup: ignoring JPA class transformer
2024-11-26 15:29:40.770 [main] INFO  com.zaxxer.hikari.HikariDataSource - HikariPool-1 - Starting...
2024-11-26 15:29:40.967 [main] INFO  com.zaxxer.hikari.pool.HikariPool - HikariPool-1 - Added connection org.postgresql.jdbc.PgConnection@38d42ab7
2024-11-26 15:29:40.967 [main] INFO  com.zaxxer.hikari.HikariDataSource - HikariPool-1 - Start completed.
2024-11-26 15:29:41.016 [main] WARN  org.hibernate.orm.deprecation - HHH90000025: PostgreSQLDialect does not need to be specified explicitly using 'hibernate.dialect' (remove the property setting and it will be selected by default)
2024-11-26 15:29:42.181 [main] INFO  o.h.e.t.j.p.i.JtaPlatformInitiator - HHH000489: No JTA platform available (set 'hibernate.transaction.jta.platform' to enable JTA platform integration)
2024-11-26 15:29:42.233 [main] INFO  o.s.o.j.LocalContainerEntityManagerFactoryBean - Initialized JPA EntityManagerFactory for persistence unit 'default'
2024-11-26 15:29:42.670 [main] WARN  o.s.b.a.o.j.JpaBaseConfiguration$JpaWebConfiguration - spring.jpa.open-in-view is enabled by default. Therefore, database queries may be performed during view rendering. Explicitly configure spring.jpa.open-in-view to disable this warning
2024-11-26 15:29:42.906 [main] INFO  o.s.s.web.DefaultSecurityFilterChain - Will secure any request with [org.springframework.security.web.session.DisableEncodeUrlFilter@73476e2d, org.springframework.security.web.context.request.async.WebAsyncManagerIntegrationFilter@52b77d5e, org.springframework.security.web.context.SecurityContextHolderFilter@6779af40, org.springframework.security.web.header.HeaderWriterFilter@1d1da00b, org.springframework.security.web.authentication.logout.LogoutFilter@23e1f610, com.example.employee_management.security.JwtAuthFilter@196624bf, org.springframework.security.web.savedrequest.RequestCacheAwareFilter@68303aad, org.springframework.security.web.servletapi.SecurityContextHolderAwareRequestFilter@3b60be3, org.springframework.security.web.authentication.AnonymousAuthenticationFilter@6ab6ec33, org.springframework.security.web.session.SessionManagementFilter@2d26c6a2, org.springframework.security.web.access.ExceptionTranslationFilter@3829306d, org.springframework.security.web.access.intercept.AuthorizationFilter@1ef7e4c7]
2024-11-26 15:29:43.121 [main] INFO  o.a.coyote.http11.Http11NioProtocol - Starting ProtocolHandler ["http-nio-8080"]
2024-11-26 15:29:43.137 [main] INFO  o.s.b.w.e.tomcat.TomcatWebServer - Tomcat started on port(s): 8080 (http) with context path ''
2024-11-26 15:29:43.153 [main] INFO  c.e.e.EmployeeManagementApplication - Started EmployeeManagementApplication in 5.352 seconds (process running for 6.832)
2024-11-26 15:54:20.326 [SpringApplicationShutdownHook] INFO  o.s.o.j.LocalContainerEntityManagerFactoryBean - Closing JPA EntityManagerFactory for persistence unit 'default'
2024-11-26 15:54:20.326 [SpringApplicationShutdownHook] INFO  com.zaxxer.hikari.HikariDataSource - HikariPool-1 - Shutdown initiated...
2024-11-26 15:54:20.334 [SpringApplicationShutdownHook] INFO  com.zaxxer.hikari.HikariDataSource - HikariPool-1 - Shutdown completed.
2024-11-26 15:54:33.568 [background-preinit] INFO  o.h.validator.internal.util.Version - HV000001: Hibernate Validator 8.0.1.Final
2024-11-26 15:54:33.619 [main] INFO  c.e.e.EmployeeManagementApplication - Starting EmployeeManagementApplication using Java 17.0.13 with PID 29036 (D:\java-spingboot-projects\employee-management\employee-management\build\classes\java\main started by P1357905 in D:\java-spingboot-projects\employee-management\employee-management)
2024-11-26 15:54:33.619 [main] DEBUG c.e.e.EmployeeManagementApplication - Running with Spring Boot v3.1.5, Spring v6.0.13
2024-11-26 15:54:33.620 [main] INFO  c.e.e.EmployeeManagementApplication - No active profile set, falling back to 1 default profile: "default"
2024-11-26 15:54:34.297 [main] INFO  o.s.d.r.c.RepositoryConfigurationDelegate - Bootstrapping Spring Data JPA repositories in DEFAULT mode.
2024-11-26 15:54:34.350 [main] INFO  o.s.d.r.c.RepositoryConfigurationDelegate - Finished Spring Data repository scanning in 47 ms. Found 1 JPA repository interfaces.
2024-11-26 15:54:34.757 [main] INFO  o.s.b.w.e.tomcat.TomcatWebServer - Tomcat initialized with port(s): 8080 (http)
2024-11-26 15:54:34.763 [main] INFO  o.a.coyote.http11.Http11NioProtocol - Initializing ProtocolHandler ["http-nio-8080"]
2024-11-26 15:54:34.764 [main] INFO  o.a.catalina.core.StandardService - Starting service [Tomcat]
2024-11-26 15:54:34.764 [main] INFO  o.a.catalina.core.StandardEngine - Starting Servlet engine: [Apache Tomcat/10.1.15]
2024-11-26 15:54:34.849 [main] INFO  o.a.c.c.C.[Tomcat].[localhost].[/] - Initializing Spring embedded WebApplicationContext
2024-11-26 15:54:34.849 [main] INFO  o.s.b.w.s.c.ServletWebServerApplicationContext - Root WebApplicationContext: initialization completed in 1186 ms
2024-11-26 15:54:34.896 [main] DEBUG c.e.e.security.JwtAuthFilter - Filter 'jwtAuthFilter' configured for use
2024-11-26 15:54:34.979 [main] INFO  o.h.jpa.internal.util.LogHelper - HHH000204: Processing PersistenceUnitInfo [name: default]
2024-11-26 15:54:35.032 [main] INFO  org.hibernate.Version - HHH000412: Hibernate ORM core version 6.2.13.Final
2024-11-26 15:54:35.034 [main] INFO  org.hibernate.cfg.Environment - HHH000406: Using bytecode reflection optimizer
2024-11-26 15:54:35.300 [main] INFO  o.s.o.j.p.SpringPersistenceUnitInfo - No LoadTimeWeaver setup: ignoring JPA class transformer
2024-11-26 15:54:35.323 [main] INFO  com.zaxxer.hikari.HikariDataSource - HikariPool-1 - Starting...
2024-11-26 15:54:35.606 [main] INFO  com.zaxxer.hikari.pool.HikariPool - HikariPool-1 - Added connection org.postgresql.jdbc.PgConnection@7757a37f
2024-11-26 15:54:35.608 [main] INFO  com.zaxxer.hikari.HikariDataSource - HikariPool-1 - Start completed.
2024-11-26 15:54:35.636 [main] WARN  org.hibernate.orm.deprecation - HHH90000025: PostgreSQLDialect does not need to be specified explicitly using 'hibernate.dialect' (remove the property setting and it will be selected by default)
2024-11-26 15:54:36.507 [main] INFO  o.h.e.t.j.p.i.JtaPlatformInitiator - HHH000489: No JTA platform available (set 'hibernate.transaction.jta.platform' to enable JTA platform integration)
2024-11-26 15:54:36.560 [main] INFO  o.s.o.j.LocalContainerEntityManagerFactoryBean - Initialized JPA EntityManagerFactory for persistence unit 'default'
2024-11-26 15:54:36.976 [main] WARN  o.s.b.a.o.j.JpaBaseConfiguration$JpaWebConfiguration - spring.jpa.open-in-view is enabled by default. Therefore, database queries may be performed during view rendering. Explicitly configure spring.jpa.open-in-view to disable this warning
2024-11-26 15:54:37.211 [main] INFO  o.s.s.web.DefaultSecurityFilterChain - Will secure any request with [org.springframework.security.web.session.DisableEncodeUrlFilter@3abb6aa, org.springframework.security.web.context.request.async.WebAsyncManagerIntegrationFilter@34074149, org.springframework.security.web.context.SecurityContextHolderFilter@12d8e6b6, org.springframework.security.web.header.HeaderWriterFilter@238c63df, org.springframework.security.web.authentication.logout.LogoutFilter@3b60be3, com.example.employee_management.security.JwtAuthFilter@160e99e0, org.springframework.security.web.savedrequest.RequestCacheAwareFilter@ab5dde4, org.springframework.security.web.servletapi.SecurityContextHolderAwareRequestFilter@641255d1, org.springframework.security.web.authentication.AnonymousAuthenticationFilter@3f7bf0f6, org.springframework.security.web.session.SessionManagementFilter@21abd3a3, org.springframework.security.web.access.ExceptionTranslationFilter@18ed9480, org.springframework.security.web.access.intercept.AuthorizationFilter@56fc2cea]
2024-11-26 15:54:37.432 [main] INFO  o.a.coyote.http11.Http11NioProtocol - Starting ProtocolHandler ["http-nio-8080"]
2024-11-26 15:54:37.452 [main] INFO  o.s.b.w.e.tomcat.TomcatWebServer - Tomcat started on port(s): 8080 (http) with context path ''
2024-11-26 15:54:37.460 [main] INFO  c.e.e.EmployeeManagementApplication - Started EmployeeManagementApplication in 4.319 seconds (process running for 4.915)
2024-11-26 16:20:42.777 [background-preinit] INFO  o.h.validator.internal.util.Version - HV000001: Hibernate Validator 8.0.1.Final
2024-11-26 16:20:42.820 [Test worker] INFO  c.e.e.EmployeeManagementApplicationTests - Starting EmployeeManagementApplicationTests using Java 17.0.13 with PID 27304 (started by P1357905 in D:\java-spingboot-projects\employee-management\employee-management)
2024-11-26 16:20:42.821 [Test worker] DEBUG c.e.e.EmployeeManagementApplicationTests - Running with Spring Boot v3.1.5, Spring v6.0.13
2024-11-26 16:20:42.822 [Test worker] INFO  c.e.e.EmployeeManagementApplicationTests - No active profile set, falling back to 1 default profile: "default"
2024-11-26 16:20:44.000 [Test worker] INFO  o.s.d.r.c.RepositoryConfigurationDelegate - Bootstrapping Spring Data JPA repositories in DEFAULT mode.
2024-11-26 16:20:44.085 [Test worker] INFO  o.s.d.r.c.RepositoryConfigurationDelegate - Finished Spring Data repository scanning in 71 ms. Found 1 JPA repository interfaces.
2024-11-26 16:20:44.784 [Test worker] INFO  o.h.jpa.internal.util.LogHelper - HHH000204: Processing PersistenceUnitInfo [name: default]
2024-11-26 16:20:44.954 [Test worker] INFO  org.hibernate.Version - HHH000412: Hibernate ORM core version 6.2.13.Final
2024-11-26 16:20:44.959 [Test worker] INFO  org.hibernate.cfg.Environment - HHH000406: Using bytecode reflection optimizer
2024-11-26 16:20:45.455 [Test worker] INFO  o.s.o.j.p.SpringPersistenceUnitInfo - No LoadTimeWeaver setup: ignoring JPA class transformer
2024-11-26 16:20:45.508 [Test worker] INFO  com.zaxxer.hikari.HikariDataSource - HikariPool-1 - Starting...
2024-11-26 16:20:45.792 [Test worker] INFO  com.zaxxer.hikari.pool.HikariPool - HikariPool-1 - Added connection conn0: url=jdbc:h2:mem:testdb user=SA
2024-11-26 16:20:45.795 [Test worker] INFO  com.zaxxer.hikari.HikariDataSource - HikariPool-1 - Start completed.
2024-11-26 16:20:45.827 [Test worker] WARN  org.hibernate.orm.deprecation - HHH90000025: H2Dialect does not need to be specified explicitly using 'hibernate.dialect' (remove the property setting and it will be selected by default)
2024-11-26 16:20:46.871 [Test worker] INFO  o.h.e.t.j.p.i.JtaPlatformInitiator - HHH000489: No JTA platform available (set 'hibernate.transaction.jta.platform' to enable JTA platform integration)
2024-11-26 16:20:46.938 [Test worker] INFO  o.s.o.j.LocalContainerEntityManagerFactoryBean - Initialized JPA EntityManagerFactory for persistence unit 'default'
2024-11-26 16:20:47.618 [Test worker] WARN  o.s.b.a.o.j.JpaBaseConfiguration$JpaWebConfiguration - spring.jpa.open-in-view is enabled by default. Therefore, database queries may be performed during view rendering. Explicitly configure spring.jpa.open-in-view to disable this warning
2024-11-26 16:20:47.829 [Test worker] INFO  o.s.s.web.DefaultSecurityFilterChain - Will secure any request with [org.springframework.security.web.session.DisableEncodeUrlFilter@7fb28ed, org.springframework.security.web.context.request.async.WebAsyncManagerIntegrationFilter@536f389, org.springframework.security.web.context.SecurityContextHolderFilter@4468ced2, org.springframework.security.web.header.HeaderWriterFilter@6c9e7af2, org.springframework.security.web.authentication.logout.LogoutFilter@63d43a5, com.example.employee_management.security.JwtAuthFilter@51eafec0, org.springframework.security.web.savedrequest.RequestCacheAwareFilter@4e3bc13b, org.springframework.security.web.servletapi.SecurityContextHolderAwareRequestFilter@3e5febe9, org.springframework.security.web.authentication.AnonymousAuthenticationFilter@2b33f7a0, org.springframework.security.web.session.SessionManagementFilter@334ac669, org.springframework.security.web.access.ExceptionTranslationFilter@40304938, org.springframework.security.web.access.intercept.AuthorizationFilter@5d2bfc9f]
2024-11-26 16:20:48.731 [Test worker] INFO  c.e.e.EmployeeManagementApplicationTests - Started EmployeeManagementApplicationTests in 6.283 seconds (process running for 8.001)
2024-11-26 16:20:50.078 [Test worker] INFO  c.e.e.controller.EmployeeController - Login attempt for email: john@example.com
2024-11-26 16:20:50.085 [Test worker] ERROR c.e.e.controller.EmployeeController - Login failed for email: john@example.com. Reason: Invalid credentials
2024-11-26 16:20:50.122 [Test worker] INFO  c.e.e.controller.EmployeeController - Fetching employee details for ID: 1
2024-11-26 16:20:50.126 [Test worker] INFO  c.e.e.controller.EmployeeController - Successfully retrieved employee details for ID: 1
2024-11-26 16:20:50.137 [Test worker] INFO  c.e.e.controller.EmployeeController - Fetching all employees
2024-11-26 16:20:50.138 [Test worker] INFO  c.e.e.controller.EmployeeController - Successfully retrieved 1 employees
2024-11-26 16:20:50.146 [Test worker] INFO  c.e.e.controller.EmployeeController - Login attempt for email: 
2024-11-26 16:20:50.146 [Test worker] INFO  c.e.e.controller.EmployeeController - Successful login for email: 
2024-11-26 16:20:50.162 [Test worker] INFO  c.e.e.controller.EmployeeController - Login attempt for email: john@example.com
2024-11-26 16:20:50.163 [Test worker] INFO  c.e.e.controller.EmployeeController - Successful login for email: john@example.com
2024-11-26 16:20:50.169 [Test worker] INFO  c.e.e.controller.EmployeeController - Received request to create employee with email: john@example.com
2024-11-26 16:20:50.170 [Test worker] INFO  c.e.e.controller.EmployeeController - Successfully created employee with ID: 1
2024-11-26 16:20:50.218 [Test worker] INFO  o.s.t.c.s.AnnotationConfigContextLoaderUtils - Could not detect default configuration classes for test class [com.example.employee_management.repository.EmployeeRepoTest]: EmployeeRepoTest does not declare any static, non-private, non-final, nested classes annotated with @Configuration.
2024-11-26 16:20:50.306 [Test worker] INFO  o.s.b.t.c.SpringBootTestContextBootstrapper - Found @SpringBootConfiguration com.example.employee_management.EmployeeManagementApplication for test class com.example.employee_management.repository.EmployeeRepoTest
2024-11-26 16:20:50.375 [Test worker] INFO  c.e.e.repository.EmployeeRepoTest - Starting EmployeeRepoTest using Java 17.0.13 with PID 27304 (started by P1357905 in D:\java-spingboot-projects\employee-management\employee-management)
2024-11-26 16:20:50.376 [Test worker] DEBUG c.e.e.repository.EmployeeRepoTest - Running with Spring Boot v3.1.5, Spring v6.0.13
2024-11-26 16:20:50.377 [Test worker] INFO  c.e.e.repository.EmployeeRepoTest - No active profile set, falling back to 1 default profile: "default"
2024-11-26 16:20:50.612 [Test worker] INFO  o.s.d.r.c.RepositoryConfigurationDelegate - Bootstrapping Spring Data JPA repositories in DEFAULT mode.
2024-11-26 16:20:50.647 [Test worker] INFO  o.s.d.r.c.RepositoryConfigurationDelegate - Finished Spring Data repository scanning in 34 ms. Found 1 JPA repository interfaces.
2024-11-26 16:20:50.670 [Test worker] INFO  o.s.b.t.a.j.TestDatabaseAutoConfiguration$EmbeddedDataSourceBeanFactoryPostProcessor - Replacing 'dataSource' DataSource bean with embedded version
2024-11-26 16:20:50.714 [Test worker] INFO  o.s.j.d.e.EmbeddedDatabaseFactory - Starting embedded database: url='jdbc:h2:mem:04a48ce3-263c-44bf-ab79-f5a63a146b94;DB_CLOSE_DELAY=-1;DB_CLOSE_ON_EXIT=false', username='sa'
2024-11-26 16:20:50.785 [Test worker] INFO  o.h.jpa.internal.util.LogHelper - HHH000204: Processing PersistenceUnitInfo [name: default]
2024-11-26 16:20:50.799 [Test worker] INFO  o.s.o.j.p.SpringPersistenceUnitInfo - No LoadTimeWeaver setup: ignoring JPA class transformer
2024-11-26 16:20:50.803 [Test worker] WARN  org.hibernate.orm.deprecation - HHH90000025: H2Dialect does not need to be specified explicitly using 'hibernate.dialect' (remove the property setting and it will be selected by default)
2024-11-26 16:20:50.857 [Test worker] INFO  o.h.e.t.j.p.i.JtaPlatformInitiator - HHH000489: No JTA platform available (set 'hibernate.transaction.jta.platform' to enable JTA platform integration)
2024-11-26 16:20:50.863 [Test worker] INFO  o.s.o.j.LocalContainerEntityManagerFactoryBean - Initialized JPA EntityManagerFactory for persistence unit 'default'
2024-11-26 16:20:50.969 [Test worker] INFO  c.e.e.repository.EmployeeRepoTest - Started EmployeeRepoTest in 0.654 seconds (process running for 10.239)
2024-11-26 16:20:51.736 [Test worker] INFO  o.s.t.c.s.AnnotationConfigContextLoaderUtils - Could not detect default configuration classes for test class [com.example.employee_management.service.EmployeeServiceImplTest]: EmployeeServiceImplTest does not declare any static, non-private, non-final, nested classes annotated with @Configuration.
2024-11-26 16:20:51.796 [Test worker] INFO  o.s.b.t.c.SpringBootTestContextBootstrapper - Found @SpringBootConfiguration com.example.employee_management.EmployeeManagementApplication for test class com.example.employee_management.service.EmployeeServiceImplTest
2024-11-26 16:20:53.598 [SpringApplicationShutdownHook] INFO  o.s.o.j.LocalContainerEntityManagerFactoryBean - Closing JPA EntityManagerFactory for persistence unit 'default'
2024-11-26 16:20:53.613 [SpringApplicationShutdownHook] INFO  com.zaxxer.hikari.HikariDataSource - HikariPool-1 - Shutdown initiated...
2024-11-26 16:20:53.712 [SpringApplicationShutdownHook] INFO  com.zaxxer.hikari.HikariDataSource - HikariPool-1 - Shutdown completed.
2024-11-26 16:20:53.718 [SpringApplicationShutdownHook] INFO  o.s.o.j.LocalContainerEntityManagerFactoryBean - Closing JPA EntityManagerFactory for persistence unit 'default'
2024-11-26 16:57:10.828 [background-preinit] INFO  o.h.validator.internal.util.Version - HV000001: Hibernate Validator 8.0.1.Final
2024-11-26 16:57:10.889 [Test worker] INFO  c.e.e.repository.EmployeeRepoTest - Starting EmployeeRepoTest using Java 17.0.13 with PID 516 (started by P1357905 in D:\java-spingboot-projects\employee-management\employee-management)
2024-11-26 16:57:10.889 [Test worker] DEBUG c.e.e.repository.EmployeeRepoTest - Running with Spring Boot v3.1.5, Spring v6.0.13
2024-11-26 16:57:10.890 [Test worker] INFO  c.e.e.repository.EmployeeRepoTest - No active profile set, falling back to 1 default profile: "default"
2024-11-26 16:57:11.408 [Test worker] INFO  o.s.d.r.c.RepositoryConfigurationDelegate - Bootstrapping Spring Data JPA repositories in DEFAULT mode.
2024-11-26 16:57:11.510 [Test worker] INFO  o.s.d.r.c.RepositoryConfigurationDelegate - Finished Spring Data repository scanning in 83 ms. Found 1 JPA repository interfaces.
2024-11-26 16:57:11.575 [Test worker] INFO  o.s.b.t.a.j.TestDatabaseAutoConfiguration$EmbeddedDataSourceBeanFactoryPostProcessor - Replacing 'dataSource' DataSource bean with embedded version
2024-11-26 16:57:11.796 [Test worker] INFO  o.s.j.d.e.EmbeddedDatabaseFactory - Starting embedded database: url='jdbc:h2:mem:2d2ca6ba-fd2f-4cc8-a648-44c682b61fe1;DB_CLOSE_DELAY=-1;DB_CLOSE_ON_EXIT=false', username='sa'
2024-11-26 16:57:12.127 [Test worker] INFO  o.h.jpa.internal.util.LogHelper - HHH000204: Processing PersistenceUnitInfo [name: default]
2024-11-26 16:57:12.189 [Test worker] INFO  org.hibernate.Version - HHH000412: Hibernate ORM core version 6.2.13.Final
2024-11-26 16:57:12.191 [Test worker] INFO  org.hibernate.cfg.Environment - HHH000406: Using bytecode reflection optimizer
2024-11-26 16:57:12.354 [Test worker] INFO  o.s.o.j.p.SpringPersistenceUnitInfo - No LoadTimeWeaver setup: ignoring JPA class transformer
2024-11-26 16:57:12.411 [Test worker] WARN  org.hibernate.orm.deprecation - HHH90000025: H2Dialect does not need to be specified explicitly using 'hibernate.dialect' (remove the property setting and it will be selected by default)
2024-11-26 16:57:13.140 [Test worker] INFO  o.h.e.t.j.p.i.JtaPlatformInitiator - HHH000489: No JTA platform available (set 'hibernate.transaction.jta.platform' to enable JTA platform integration)
2024-11-26 16:57:13.176 [Test worker] INFO  o.s.o.j.LocalContainerEntityManagerFactoryBean - Initialized JPA EntityManagerFactory for persistence unit 'default'
2024-11-26 16:57:13.623 [Test worker] INFO  c.e.e.repository.EmployeeRepoTest - Started EmployeeRepoTest in 3.2 seconds (process running for 5.883)
2024-11-26 16:57:13.848 [Test worker] INFO  o.s.t.c.s.AnnotationConfigContextLoaderUtils - Could not detect default configuration classes for test class [com.example.employee_management.EmployeeManagementApplicationTests]: EmployeeManagementApplicationTests does not declare any static, non-private, non-final, nested classes annotated with @Configuration.
2024-11-26 16:57:13.858 [Test worker] INFO  o.s.b.t.c.SpringBootTestContextBootstrapper - Found @SpringBootConfiguration com.example.employee_management.EmployeeManagementApplication for test class com.example.employee_management.EmployeeManagementApplicationTests
2024-11-26 16:57:13.909 [Test worker] INFO  c.e.e.EmployeeManagementApplicationTests - Starting EmployeeManagementApplicationTests using Java 17.0.13 with PID 516 (started by P1357905 in D:\java-spingboot-projects\employee-management\employee-management)
2024-11-26 16:57:13.909 [Test worker] DEBUG c.e.e.EmployeeManagementApplicationTests - Running with Spring Boot v3.1.5, Spring v6.0.13
2024-11-26 16:57:13.910 [Test worker] INFO  c.e.e.EmployeeManagementApplicationTests - No active profile set, falling back to 1 default profile: "default"
2024-11-26 16:57:14.412 [Test worker] INFO  o.s.d.r.c.RepositoryConfigurationDelegate - Bootstrapping Spring Data JPA repositories in DEFAULT mode.
2024-11-26 16:57:14.425 [Test worker] INFO  o.s.d.r.c.RepositoryConfigurationDelegate - Finished Spring Data repository scanning in 12 ms. Found 1 JPA repository interfaces.
2024-11-26 16:57:14.619 [Test worker] INFO  o.h.jpa.internal.util.LogHelper - HHH000204: Processing PersistenceUnitInfo [name: default]
2024-11-26 16:57:14.629 [Test worker] INFO  o.s.o.j.p.SpringPersistenceUnitInfo - No LoadTimeWeaver setup: ignoring JPA class transformer
2024-11-26 16:57:14.631 [Test worker] INFO  com.zaxxer.hikari.HikariDataSource - HikariPool-1 - Starting...
2024-11-26 16:57:14.654 [Test worker] INFO  com.zaxxer.hikari.pool.HikariPool - HikariPool-1 - Added connection conn6: url=jdbc:h2:mem:testdb user=SA
2024-11-26 16:57:14.657 [Test worker] INFO  com.zaxxer.hikari.HikariDataSource - HikariPool-1 - Start completed.
2024-11-26 16:57:14.664 [Test worker] WARN  org.hibernate.orm.deprecation - HHH90000025: H2Dialect does not need to be specified explicitly using 'hibernate.dialect' (remove the property setting and it will be selected by default)
2024-11-26 16:57:14.705 [Test worker] INFO  o.h.e.t.j.p.i.JtaPlatformInitiator - HHH000489: No JTA platform available (set 'hibernate.transaction.jta.platform' to enable JTA platform integration)
2024-11-26 16:57:14.709 [Test worker] INFO  o.s.o.j.LocalContainerEntityManagerFactoryBean - Initialized JPA EntityManagerFactory for persistence unit 'default'
2024-11-26 16:57:14.915 [Test worker] WARN  o.s.b.a.o.j.JpaBaseConfiguration$JpaWebConfiguration - spring.jpa.open-in-view is enabled by default. Therefore, database queries may be performed during view rendering. Explicitly configure spring.jpa.open-in-view to disable this warning
2024-11-26 16:57:15.049 [Test worker] INFO  o.s.s.web.DefaultSecurityFilterChain - Will secure any request with [org.springframework.security.web.session.DisableEncodeUrlFilter@6dc8a602, org.springframework.security.web.context.request.async.WebAsyncManagerIntegrationFilter@2a45c6f0, org.springframework.security.web.context.SecurityContextHolderFilter@41ff98dc, org.springframework.security.web.header.HeaderWriterFilter@27215154, org.springframework.security.web.authentication.logout.LogoutFilter@2f5a23c1, com.example.employee_management.security.JwtAuthFilter@2f349170, org.springframework.security.web.savedrequest.RequestCacheAwareFilter@eb1d7c8, org.springframework.security.web.servletapi.SecurityContextHolderAwareRequestFilter@2048255a, org.springframework.security.web.authentication.AnonymousAuthenticationFilter@1a9cfd5f, org.springframework.security.web.session.SessionManagementFilter@7ae5f795, org.springframework.security.web.access.ExceptionTranslationFilter@7bb6a1f4, org.springframework.security.web.access.intercept.AuthorizationFilter@4d71476c]
2024-11-26 16:57:15.583 [Test worker] INFO  c.e.e.EmployeeManagementApplicationTests - Started EmployeeManagementApplicationTests in 1.706 seconds (process running for 7.842)
2024-11-26 16:57:15.604 [Test worker] INFO  o.s.t.c.s.AnnotationConfigContextLoaderUtils - Could not detect default configuration classes for test class [com.example.employee_management.service.EmployeeServiceImplTest]: EmployeeServiceImplTest does not declare any static, non-private, non-final, nested classes annotated with @Configuration.
2024-11-26 16:57:15.614 [Test worker] INFO  o.s.b.t.c.SpringBootTestContextBootstrapper - Found @SpringBootConfiguration com.example.employee_management.EmployeeManagementApplication for test class com.example.employee_management.service.EmployeeServiceImplTest
2024-11-26 16:57:15.951 [SpringApplicationShutdownHook] INFO  o.s.o.j.LocalContainerEntityManagerFactoryBean - Closing JPA EntityManagerFactory for persistence unit 'default'
2024-11-26 16:57:15.962 [SpringApplicationShutdownHook] INFO  o.s.o.j.LocalContainerEntityManagerFactoryBean - Closing JPA EntityManagerFactory for persistence unit 'default'
2024-11-26 16:57:16.162 [SpringApplicationShutdownHook] INFO  com.zaxxer.hikari.HikariDataSource - HikariPool-1 - Shutdown initiated...
2024-11-26 16:57:16.187 [SpringApplicationShutdownHook] INFO  com.zaxxer.hikari.HikariDataSource - HikariPool-1 - Shutdown completed.
2024-11-26 17:06:47.966 [background-preinit] INFO  o.h.validator.internal.util.Version - HV000001: Hibernate Validator 8.0.1.Final
2024-11-26 17:06:48.005 [Test worker] INFO  c.e.e.repository.EmployeeRepoTest - Starting EmployeeRepoTest using Java 17.0.13 with PID 26156 (started by P1357905 in D:\java-spingboot-projects\employee-management\employee-management)
2024-11-26 17:06:48.005 [Test worker] DEBUG c.e.e.repository.EmployeeRepoTest - Running with Spring Boot v3.1.5, Spring v6.0.13
2024-11-26 17:06:48.006 [Test worker] INFO  c.e.e.repository.EmployeeRepoTest - The following 1 profile is active: "test"
2024-11-26 17:06:48.383 [Test worker] INFO  o.s.d.r.c.RepositoryConfigurationDelegate - Bootstrapping Spring Data JPA repositories in DEFAULT mode.
2024-11-26 17:06:48.440 [Test worker] INFO  o.s.d.r.c.RepositoryConfigurationDelegate - Finished Spring Data repository scanning in 49 ms. Found 1 JPA repository interfaces.
2024-11-26 17:06:48.481 [Test worker] INFO  o.s.b.t.a.j.TestDatabaseAutoConfiguration$EmbeddedDataSourceBeanFactoryPostProcessor - Replacing 'dataSource' DataSource bean with embedded version
2024-11-26 17:06:48.627 [Test worker] INFO  o.s.j.d.e.EmbeddedDatabaseFactory - Starting embedded database: url='jdbc:h2:mem:a78d68bb-6f0d-4a20-9dd3-13f564cc687d;DB_CLOSE_DELAY=-1;DB_CLOSE_ON_EXIT=false', username='sa'
2024-11-26 17:06:48.889 [Test worker] INFO  o.h.jpa.internal.util.LogHelper - HHH000204: Processing PersistenceUnitInfo [name: default]
2024-11-26 17:06:48.960 [Test worker] INFO  org.hibernate.Version - HHH000412: Hibernate ORM core version 6.2.13.Final
2024-11-26 17:06:48.962 [Test worker] INFO  org.hibernate.cfg.Environment - HHH000406: Using bytecode reflection optimizer
2024-11-26 17:06:49.254 [Test worker] INFO  o.s.o.j.p.SpringPersistenceUnitInfo - No LoadTimeWeaver setup: ignoring JPA class transformer
2024-11-26 17:06:49.305 [Test worker] WARN  org.hibernate.orm.deprecation - HHH90000025: H2Dialect does not need to be specified explicitly using 'hibernate.dialect' (remove the property setting and it will be selected by default)
2024-11-26 17:06:50.121 [Test worker] INFO  o.h.e.t.j.p.i.JtaPlatformInitiator - HHH000489: No JTA platform available (set 'hibernate.transaction.jta.platform' to enable JTA platform integration)
2024-11-26 17:06:50.159 [Test worker] INFO  o.s.o.j.LocalContainerEntityManagerFactoryBean - Initialized JPA EntityManagerFactory for persistence unit 'default'
2024-11-26 17:06:50.560 [Test worker] INFO  c.e.e.repository.EmployeeRepoTest - Started EmployeeRepoTest in 2.986 seconds (process running for 4.314)
2024-11-26 17:06:51.622 [Test worker] INFO  o.s.t.c.s.AnnotationConfigContextLoaderUtils - Could not detect default configuration classes for test class [com.example.employee_management.EmployeeManagementApplicationTests]: EmployeeManagementApplicationTests does not declare any static, non-private, non-final, nested classes annotated with @Configuration.
2024-11-26 17:06:51.634 [Test worker] INFO  o.s.b.t.c.SpringBootTestContextBootstrapper - Found @SpringBootConfiguration com.example.employee_management.EmployeeManagementApplication for test class com.example.employee_management.EmployeeManagementApplicationTests
2024-11-26 17:06:51.674 [Test worker] INFO  c.e.e.EmployeeManagementApplicationTests - Starting EmployeeManagementApplicationTests using Java 17.0.13 with PID 26156 (started by P1357905 in D:\java-spingboot-projects\employee-management\employee-management)
2024-11-26 17:06:51.674 [Test worker] DEBUG c.e.e.EmployeeManagementApplicationTests - Running with Spring Boot v3.1.5, Spring v6.0.13
2024-11-26 17:06:51.675 [Test worker] INFO  c.e.e.EmployeeManagementApplicationTests - No active profile set, falling back to 1 default profile: "default"
2024-11-26 17:06:52.150 [Test worker] INFO  o.s.d.r.c.RepositoryConfigurationDelegate - Bootstrapping Spring Data JPA repositories in DEFAULT mode.
2024-11-26 17:06:52.167 [Test worker] INFO  o.s.d.r.c.RepositoryConfigurationDelegate - Finished Spring Data repository scanning in 16 ms. Found 1 JPA repository interfaces.
2024-11-26 17:06:52.406 [Test worker] INFO  o.h.jpa.internal.util.LogHelper - HHH000204: Processing PersistenceUnitInfo [name: default]
2024-11-26 17:06:52.420 [Test worker] INFO  o.s.o.j.p.SpringPersistenceUnitInfo - No LoadTimeWeaver setup: ignoring JPA class transformer
2024-11-26 17:06:52.423 [Test worker] INFO  com.zaxxer.hikari.HikariDataSource - HikariPool-1 - Starting...
2024-11-26 17:06:52.440 [Test worker] INFO  com.zaxxer.hikari.pool.HikariPool - HikariPool-1 - Added connection conn8: url=jdbc:h2:mem:testdb user=SA
2024-11-26 17:06:52.442 [Test worker] INFO  com.zaxxer.hikari.HikariDataSource - HikariPool-1 - Start completed.
2024-11-26 17:06:52.447 [Test worker] WARN  org.hibernate.orm.deprecation - HHH90000025: H2Dialect does not need to be specified explicitly using 'hibernate.dialect' (remove the property setting and it will be selected by default)
2024-11-26 17:06:52.487 [Test worker] INFO  o.h.e.t.j.p.i.JtaPlatformInitiator - HHH000489: No JTA platform available (set 'hibernate.transaction.jta.platform' to enable JTA platform integration)
2024-11-26 17:06:52.492 [Test worker] INFO  o.s.o.j.LocalContainerEntityManagerFactoryBean - Initialized JPA EntityManagerFactory for persistence unit 'default'
2024-11-26 17:06:52.720 [Test worker] WARN  o.s.b.a.o.j.JpaBaseConfiguration$JpaWebConfiguration - spring.jpa.open-in-view is enabled by default. Therefore, database queries may be performed during view rendering. Explicitly configure spring.jpa.open-in-view to disable this warning
2024-11-26 17:06:52.844 [Test worker] INFO  o.s.s.web.DefaultSecurityFilterChain - Will secure any request with [org.springframework.security.web.session.DisableEncodeUrlFilter@2f89b44e, org.springframework.security.web.context.request.async.WebAsyncManagerIntegrationFilter@730a140b, org.springframework.security.web.context.SecurityContextHolderFilter@5e5f5ddf, org.springframework.security.web.header.HeaderWriterFilter@23bf19c9, org.springframework.security.web.authentication.logout.LogoutFilter@4973dacf, com.example.employee_management.security.JwtAuthFilter@45b37003, org.springframework.security.web.savedrequest.RequestCacheAwareFilter@532782f5, org.springframework.security.web.servletapi.SecurityContextHolderAwareRequestFilter@63fe055, org.springframework.security.web.authentication.AnonymousAuthenticationFilter@2f29046b, org.springframework.security.web.session.SessionManagementFilter@4781bb01, org.springframework.security.web.access.ExceptionTranslationFilter@93cc5eb, org.springframework.security.web.access.intercept.AuthorizationFilter@348d1a5e]
2024-11-26 17:06:53.346 [Test worker] INFO  c.e.e.EmployeeManagementApplicationTests - Started EmployeeManagementApplicationTests in 1.697 seconds (process running for 7.101)
2024-11-26 17:06:53.547 [Test worker] INFO  c.e.e.controller.EmployeeController - Login attempt for email: john@example.com
2024-11-26 17:06:53.552 [Test worker] ERROR c.e.e.controller.EmployeeController - Login failed for email: john@example.com. Reason: Invalid credentials
2024-11-26 17:06:53.573 [Test worker] INFO  c.e.e.controller.EmployeeController - Fetching employee details for ID: 1
2024-11-26 17:06:53.575 [Test worker] INFO  c.e.e.controller.EmployeeController - Successfully retrieved employee details for ID: 1
2024-11-26 17:06:53.593 [Test worker] INFO  c.e.e.controller.EmployeeController - Fetching all employees
2024-11-26 17:06:53.594 [Test worker] INFO  c.e.e.controller.EmployeeController - Successfully retrieved 1 employees
2024-11-26 17:06:53.603 [Test worker] INFO  c.e.e.controller.EmployeeController - Deleting employee with ID: 1
2024-11-26 17:06:53.604 [Test worker] INFO  c.e.e.controller.EmployeeController - Successfully deleted employee with ID: 1
2024-11-26 17:06:53.609 [Test worker] INFO  c.e.e.controller.EmployeeController - Updating employee with ID: 1
2024-11-26 17:06:53.611 [Test worker] INFO  c.e.e.controller.EmployeeController - Successfully updated employee with ID: 1
2024-11-26 17:06:53.617 [Test worker] INFO  c.e.e.controller.EmployeeController - Login attempt for email: john@example.com
2024-11-26 17:06:53.617 [Test worker] INFO  c.e.e.controller.EmployeeController - Successful login for email: john@example.com
2024-11-26 17:06:53.623 [Test worker] INFO  c.e.e.controller.EmployeeController - Received request to create employee with email: john@example.com
2024-11-26 17:06:53.623 [Test worker] INFO  c.e.e.controller.EmployeeController - Successfully created employee with ID: 1
2024-11-26 17:06:53.632 [Test worker] INFO  o.s.t.c.s.AnnotationConfigContextLoaderUtils - Could not detect default configuration classes for test class [com.example.employee_management.service.EmployeeServiceImplTest]: EmployeeServiceImplTest does not declare any static, non-private, non-final, nested classes annotated with @Configuration.
2024-11-26 17:06:53.650 [Test worker] INFO  o.s.b.t.c.SpringBootTestContextBootstrapper - Found @SpringBootConfiguration com.example.employee_management.EmployeeManagementApplication for test class com.example.employee_management.service.EmployeeServiceImplTest
2024-11-26 17:06:53.958 [SpringApplicationShutdownHook] INFO  o.s.o.j.LocalContainerEntityManagerFactoryBean - Closing JPA EntityManagerFactory for persistence unit 'default'
2024-11-26 17:06:53.967 [SpringApplicationShutdownHook] INFO  o.s.o.j.LocalContainerEntityManagerFactoryBean - Closing JPA EntityManagerFactory for persistence unit 'default'
2024-11-26 17:06:54.168 [SpringApplicationShutdownHook] INFO  com.zaxxer.hikari.HikariDataSource - HikariPool-1 - Shutdown initiated...
2024-11-26 17:06:54.181 [SpringApplicationShutdownHook] INFO  com.zaxxer.hikari.HikariDataSource - HikariPool-1 - Shutdown completed.
2024-11-26 20:41:28.855 [HikariPool-1 housekeeper] WARN  com.zaxxer.hikari.pool.HikariPool - HikariPool-1 - Thread starvation or clock leap detected (housekeeper delta=3h12m52s370ms850µs).
